<?xml version="1.0" encoding="UTF-8"?>
<!-- Generated by org.testng.reporters.JUnitReportReporter -->
<testsuite hostname="LAPTOP-N8TGRLUB" failures="0" tests="1" name="testcasepack.TC_1" time="3.480" errors="0" timestamp="2021-05-25T00:54:01 EDT" skipped="0">
  <testcase classname="testcasepack.TC_1" name="testcase1" time="3.480"/>
  <system-out/>
</testsuite> <!-- testcasepack.TC_1 -->
